<?xml version="1.0" encoding="UTF-8"?>
<!-- Generated by org.testng.reporters.JUnitReportReporter -->
<testsuite hostname="Shashanks-MacBook-Pro.local" name="image.mapper.ImageUrls" tests="100" failures="0" timestamp="12 Mar 2015 03:05:48 GMT" time="0.118" errors="0">
  <testcase name="runImageURLFetcher" time="0.001" classname="image.mapper.ImageUrls"/>
  <testcase name="runImageURLFetcher" time="0.002" classname="image.mapper.ImageUrls"/>
  <testcase name="runImageURLFetcher" time="0.001" classname="image.mapper.ImageUrls"/>
  <testcase name="runImageURLFetcher" time="0.001" classname="image.mapper.ImageUrls"/>
  <testcase name="runImageURLFetcher" time="0.001" classname="image.mapper.ImageUrls"/>
  <testcase name="runImageURLFetcher" time="0.001" classname="image.mapper.ImageUrls"/>
  <testcase name="runImageURLFetcher" time="0.001" classname="image.mapper.ImageUrls"/>
  <testcase name="runImageURLFetcher" time="0.002" classname="image.mapper.ImageUrls"/>
  <testcase name="runImageURLFetcher" time="0.001" classname="image.mapper.ImageUrls"/>
  <testcase name="runImageURLFetcher" time="0.001" classname="image.mapper.ImageUrls"/>
  <testcase name="runImageURLFetcher" time="0.001" classname="image.mapper.ImageUrls"/>
  <testcase name="runImageURLFetcher" time="0.001" classname="image.mapper.ImageUrls"/>
  <testcase name="runImageURLFetcher" time="0.001" classname="image.mapper.ImageUrls"/>
  <testcase name="runImageURLFetcher" time="0.001" classname="image.mapper.ImageUrls"/>
  <testcase name="runImageURLFetcher" time="0.001" classname="image.mapper.ImageUrls"/>
  <testcase name="runImageURLFetcher" time="0.001" classname="image.mapper.ImageUrls"/>
  <testcase name="runImageURLFetcher" time="0.001" classname="image.mapper.ImageUrls"/>
  <testcase name="runImageURLFetcher" time="0.001" classname="image.mapper.ImageUrls"/>
  <testcase name="runImageURLFetcher" time="0.001" classname="image.mapper.ImageUrls"/>
  <testcase name="runImageURLFetcher" time="0.001" classname="image.mapper.ImageUrls"/>
  <testcase name="runImageURLFetcher" time="0.001" classname="image.mapper.ImageUrls"/>
  <testcase name="runImageURLFetcher" time="0.010" classname="image.mapper.ImageUrls"/>
  <testcase name="runImageURLFetcher" time="0.001" classname="image.mapper.ImageUrls"/>
  <testcase name="runImageURLFetcher" time="0.001" classname="image.mapper.ImageUrls"/>
  <testcase name="runImageURLFetcher" time="0.001" classname="image.mapper.ImageUrls"/>
  <testcase name="runImageURLFetcher" time="0.000" classname="image.mapper.ImageUrls"/>
  <testcase name="runImageURLFetcher" time="0.001" classname="image.mapper.ImageUrls"/>
  <testcase name="runImageURLFetcher" time="0.003" classname="image.mapper.ImageUrls"/>
  <testcase name="runImageURLFetcher" time="0.001" classname="image.mapper.ImageUrls"/>
  <testcase name="runImageURLFetcher" time="0.001" classname="image.mapper.ImageUrls"/>
  <testcase name="runImageURLFetcher" time="0.001" classname="image.mapper.ImageUrls"/>
  <testcase name="runImageURLFetcher" time="0.000" classname="image.mapper.ImageUrls"/>
  <testcase name="runImageURLFetcher" time="0.001" classname="image.mapper.ImageUrls"/>
  <testcase name="runImageURLFetcher" time="0.001" classname="image.mapper.ImageUrls"/>
  <testcase name="runImageURLFetcher" time="0.001" classname="image.mapper.ImageUrls"/>
  <testcase name="runImageURLFetcher" time="0.001" classname="image.mapper.ImageUrls"/>
  <testcase name="runImageURLFetcher" time="0.001" classname="image.mapper.ImageUrls"/>
  <testcase name="runImageURLFetcher" time="0.001" classname="image.mapper.ImageUrls"/>
  <testcase name="runImageURLFetcher" time="0.000" classname="image.mapper.ImageUrls"/>
  <testcase name="runImageURLFetcher" time="0.001" classname="image.mapper.ImageUrls"/>
  <testcase name="runImageURLFetcher" time="0.007" classname="image.mapper.ImageUrls"/>
  <testcase name="runImageURLFetcher" time="0.002" classname="image.mapper.ImageUrls"/>
  <testcase name="runImageURLFetcher" time="0.001" classname="image.mapper.ImageUrls"/>
  <testcase name="runImageURLFetcher" time="0.000" classname="image.mapper.ImageUrls"/>
  <testcase name="runImageURLFetcher" time="0.000" classname="image.mapper.ImageUrls"/>
  <testcase name="runImageURLFetcher" time="0.000" classname="image.mapper.ImageUrls"/>
  <testcase name="runImageURLFetcher" time="0.001" classname="image.mapper.ImageUrls"/>
  <testcase name="runImageURLFetcher" time="0.001" classname="image.mapper.ImageUrls"/>
  <testcase name="runImageURLFetcher" time="0.000" classname="image.mapper.ImageUrls"/>
  <testcase name="runImageURLFetcher" time="0.001" classname="image.mapper.ImageUrls"/>
  <testcase name="runImageURLFetcher" time="0.002" classname="image.mapper.ImageUrls"/>
  <testcase name="runImageURLFetcher" time="0.001" classname="image.mapper.ImageUrls"/>
  <testcase name="runImageURLFetcher" time="0.001" classname="image.mapper.ImageUrls"/>
  <testcase name="runImageURLFetcher" time="0.001" classname="image.mapper.ImageUrls"/>
  <testcase name="runImageURLFetcher" time="0.001" classname="image.mapper.ImageUrls"/>
  <testcase name="runImageURLFetcher" time="0.003" classname="image.mapper.ImageUrls"/>
  <testcase name="runImageURLFetcher" time="0.000" classname="image.mapper.ImageUrls"/>
  <testcase name="runImageURLFetcher" time="0.002" classname="image.mapper.ImageUrls"/>
  <testcase name="runImageURLFetcher" time="0.001" classname="image.mapper.ImageUrls"/>
  <testcase name="runImageURLFetcher" time="0.000" classname="image.mapper.ImageUrls"/>
  <testcase name="runImageURLFetcher" time="0.001" classname="image.mapper.ImageUrls"/>
  <testcase name="runImageURLFetcher" time="0.001" classname="image.mapper.ImageUrls"/>
  <testcase name="runImageURLFetcher" time="0.001" classname="image.mapper.ImageUrls"/>
  <testcase name="runImageURLFetcher" time="0.001" classname="image.mapper.ImageUrls"/>
  <testcase name="runImageURLFetcher" time="0.000" classname="image.mapper.ImageUrls"/>
  <testcase name="runImageURLFetcher" time="0.000" classname="image.mapper.ImageUrls"/>
  <testcase name="runImageURLFetcher" time="0.001" classname="image.mapper.ImageUrls"/>
  <testcase name="runImageURLFetcher" time="0.001" classname="image.mapper.ImageUrls"/>
  <testcase name="runImageURLFetcher" time="0.001" classname="image.mapper.ImageUrls"/>
  <testcase name="runImageURLFetcher" time="0.001" classname="image.mapper.ImageUrls"/>
  <testcase name="runImageURLFetcher" time="0.001" classname="image.mapper.ImageUrls"/>
  <testcase name="runImageURLFetcher" time="0.001" classname="image.mapper.ImageUrls"/>
  <testcase name="runImageURLFetcher" time="0.001" classname="image.mapper.ImageUrls"/>
  <testcase name="runImageURLFetcher" time="0.001" classname="image.mapper.ImageUrls"/>
  <testcase name="runImageURLFetcher" time="0.001" classname="image.mapper.ImageUrls"/>
  <testcase name="runImageURLFetcher" time="0.000" classname="image.mapper.ImageUrls"/>
  <testcase name="runImageURLFetcher" time="0.001" classname="image.mapper.ImageUrls"/>
  <testcase name="runImageURLFetcher" time="0.000" classname="image.mapper.ImageUrls"/>
  <testcase name="runImageURLFetcher" time="0.001" classname="image.mapper.ImageUrls"/>
  <testcase name="runImageURLFetcher" time="0.001" classname="image.mapper.ImageUrls"/>
  <testcase name="runImageURLFetcher" time="0.002" classname="image.mapper.ImageUrls"/>
  <testcase name="runImageURLFetcher" time="0.005" classname="image.mapper.ImageUrls"/>
  <testcase name="runImageURLFetcher" time="0.001" classname="image.mapper.ImageUrls"/>
  <testcase name="runImageURLFetcher" time="0.001" classname="image.mapper.ImageUrls"/>
  <testcase name="runImageURLFetcher" time="0.001" classname="image.mapper.ImageUrls"/>
  <testcase name="runImageURLFetcher" time="0.001" classname="image.mapper.ImageUrls"/>
  <testcase name="runImageURLFetcher" time="0.001" classname="image.mapper.ImageUrls"/>
  <testcase name="runImageURLFetcher" time="0.001" classname="image.mapper.ImageUrls"/>
  <testcase name="runImageURLFetcher" time="0.000" classname="image.mapper.ImageUrls"/>
  <testcase name="runImageURLFetcher" time="0.001" classname="image.mapper.ImageUrls"/>
  <testcase name="runImageURLFetcher" time="0.001" classname="image.mapper.ImageUrls"/>
  <testcase name="runImageURLFetcher" time="0.001" classname="image.mapper.ImageUrls"/>
  <testcase name="runImageURLFetcher" time="0.001" classname="image.mapper.ImageUrls"/>
  <testcase name="runImageURLFetcher" time="0.001" classname="image.mapper.ImageUrls"/>
  <testcase name="runImageURLFetcher" time="0.001" classname="image.mapper.ImageUrls"/>
  <testcase name="runImageURLFetcher" time="0.002" classname="image.mapper.ImageUrls"/>
  <testcase name="runImageURLFetcher" time="0.002" classname="image.mapper.ImageUrls"/>
  <testcase name="runImageURLFetcher" time="0.002" classname="image.mapper.ImageUrls"/>
  <testcase name="runImageURLFetcher" time="0.001" classname="image.mapper.ImageUrls"/>
  <testcase name="runImageURLFetcher" time="0.001" classname="image.mapper.ImageUrls"/>
</testsuite> <!-- image.mapper.ImageUrls -->
